<?xml version="1.0" encoding="UTF-8"?>
<testsuite name="com.nekokittygames.zmachine.tests.HeaderTests" tests="2" skipped="0" failures="0" errors="0" timestamp="2015-05-06T22:40:43" hostname="WIN-9KA7DIBP4N0" time="0.015">
  <properties/>
  <testcase name="MemoryVersion" classname="com.nekokittygames.zmachine.tests.HeaderTests" time="0.001"/>
  <testcase name="MemoryStatusType" classname="com.nekokittygames.zmachine.tests.HeaderTests" time="0.012"/>
  <system-out><![CDATA[]]></system-out>
  <system-err><![CDATA[]]></system-err>
</testsuite>
